<?xml version="1.0" encoding="UTF-8"?>
<!-- Generated by org.testng.reporters.JUnitXMLReporter -->
<testsuite ignored="8" hostname="DESKTOP-OC8SAEU" failures="2" tests="7" name="TestGuru" time="84.083" errors="0" timestamp="2023-01-12T19:15:26 GMT">
  <testcase classname="com.myguruproject.testCases.TC_LoginTest_001" name="loginTest" time="15.345"/>
  <testcase classname="com.myguruproject.testCases.TC_LoginDDT_002" name="loginDDT" time="4.791">
    <failure type="java.lang.AssertionError" message="expected [true] but found [false]">
      <![CDATA[java.lang.AssertionError: expected [true] but found [false]
at com.myguruproject.testCases.TC_LoginDDT_002.loginDDT(TC_LoginDDT_002.java:40)
at java.base/java.util.ArrayList.forEach(ArrayList.java:1511)
... Removed 29 stack frames]]>
    </failure>
  </testcase> <!-- loginDDT -->
  <testcase classname="com.myguruproject.testCases.TC_LoginDDT_002" name="loginDDT" time="4.826">
    <failure type="java.lang.AssertionError" message="expected [true] but found [false]">
      <![CDATA[java.lang.AssertionError: expected [true] but found [false]
at com.myguruproject.testCases.TC_LoginDDT_002.loginDDT(TC_LoginDDT_002.java:40)
at java.base/java.util.ArrayList.forEach(ArrayList.java:1511)
... Removed 29 stack frames]]>
    </failure>
  </testcase> <!-- loginDDT -->
  <testcase classname="com.myguruproject.testCases.TC_LoginDDT_002" name="loginDDT" time="9.555"/>
  <testcase classname="com.myguruproject.testCases.TC_HomePageTest_003" name="verifyHomePage" time="9.195"/>
  <testcase classname="com.myguruproject.testCases.TC_AddCustomerTest_004" name="addNewCustomer" time="11.122"/>
  <testcase classname="com.myguruproject.testCases.TC_MecuryTour00Test_005" name="registerPage" time="6.217"/>
  <testcase classname="com.myguruproject.testCases.BaseClass" name="@BeforeSuite initialiseExtentReport" time="0.0">
    <ignored/>
  </testcase> <!-- @BeforeSuite initialiseExtentReport -->
  <testcase classname="com.myguruproject.testCases.BaseClass" name="@AfterSuite generateExtentReports" time="0.0">
    <ignored/>
  </testcase> <!-- @AfterSuite generateExtentReports -->
  <testcase classname="com.myguruproject.testCases.BaseClass" name="@AfterSuite generateExtentReports" time="0.0">
    <ignored/>
  </testcase> <!-- @AfterSuite generateExtentReports -->
  <testcase classname="com.myguruproject.testCases.BaseClass" name="@AfterSuite generateExtentReports" time="0.0">
    <ignored/>
  </testcase> <!-- @AfterSuite generateExtentReports -->
  <testcase classname="com.myguruproject.testCases.BaseClass" name="@AfterSuite generateExtentReports" time="0.0">
    <ignored/>
  </testcase> <!-- @AfterSuite generateExtentReports -->
  <testcase classname="com.myguruproject.testCases.BaseClass" name="@BeforeSuite initialiseExtentReport" time="0.0">
    <ignored/>
  </testcase> <!-- @BeforeSuite initialiseExtentReport -->
  <testcase classname="com.myguruproject.testCases.BaseClass" name="@BeforeSuite initialiseExtentReport" time="0.0">
    <ignored/>
  </testcase> <!-- @BeforeSuite initialiseExtentReport -->
  <testcase classname="com.myguruproject.testCases.BaseClass" name="@BeforeSuite initialiseExtentReport" time="0.0">
    <ignored/>
  </testcase> <!-- @BeforeSuite initialiseExtentReport -->
</testsuite> <!-- TestGuru -->
