<?xml version="1.0" encoding="UTF-8"?>
<testng-results skipped="0" failed="0" ignored="0" total="1" passed="1">
  <reporter-output>
    <line>
      <![CDATA[Setting up reports and Test Started]]>
    </line>
    <line>
      <![CDATA[Setting Done- Test can be Started]]>
    </line>
    <line>
      <![CDATA[Trying to start browser and getting application ready]]>
    </line>
    <line>
      <![CDATA[Browser and Application is up and running]]>
    </line>
    <line>
      <![CDATA[Test is about to end]]>
    </line>
    <line>
      <![CDATA[Test is about to end]]>
    </line>
    <line>
      <![CDATA[Test Completed >>>> A report generated]]>
    </line>
  </reporter-output>
  <suite name="GuruProject" duration-ms="94320" started-at="2023-01-18T00:46:18 GMT" finished-at="2023-01-18T00:47:52 GMT">
    <groups>
    </groups>
    <test name="TestGuru" duration-ms="94320" started-at="2023-01-18T00:46:18 GMT" finished-at="2023-01-18T00:47:52 GMT">
      <class name="com.myguruproject.testCases.TC_LoginTest_001">
        <test-method status="PASS" signature="initialiseExtentReport()[pri:0, instance:com.myguruproject.testCases.TC_LoginTest_001@192d3247]" name="initialiseExtentReport" is-config="true" duration-ms="5257" started-at="2023-01-18T00:46:13 GMT" finished-at="2023-01-18T00:46:18 GMT">
          <reporter-output>
            <line>
              <![CDATA[Setting up reports and Test Started]]>
            </line>
            <line>
              <![CDATA[Setting Done- Test can be Started]]>
            </line>
          </reporter-output>
        </test-method> <!-- initialiseExtentReport -->
        <test-method status="PASS" signature="setup(java.lang.String)[pri:0, instance:com.myguruproject.testCases.TC_LoginTest_001@192d3247]" name="setup" is-config="true" duration-ms="55727" started-at="2023-01-18T00:46:18 GMT" finished-at="2023-01-18T00:47:14 GMT">
          <params>
            <param index="0">
              <value>
                <![CDATA[chrome]]>
              </value>
            </param>
          </params>
          <reporter-output>
            <line>
              <![CDATA[Trying to start browser and getting application ready]]>
            </line>
            <line>
              <![CDATA[Browser and Application is up and running]]>
            </line>
          </reporter-output>
        </test-method> <!-- setup -->
        <test-method status="PASS" signature="loginTest()[pri:0, instance:com.myguruproject.testCases.TC_LoginTest_001@192d3247]" name="loginTest" duration-ms="35260" started-at="2023-01-18T00:47:14 GMT" finished-at="2023-01-18T00:47:49 GMT">
          <reporter-output>
          </reporter-output>
        </test-method> <!-- loginTest -->
        <test-method status="PASS" signature="closeDown(org.testng.ITestResult)[pri:0, instance:com.myguruproject.testCases.TC_LoginTest_001@192d3247]" name="closeDown" is-config="true" duration-ms="748" started-at="2023-01-18T00:47:49 GMT" finished-at="2023-01-18T00:47:50 GMT">
          <params>
            <param index="0">
              <value>
                <![CDATA[[TestResult name=loginTest status=SUCCESS method=TC_LoginTest_001.loginTest()[pri:0, instance:com.myguruproject.testCases.TC_LoginTest_001@192d3247] output={null}]]]>
              </value>
            </param>
          </params>
          <reporter-output>
            <line>
              <![CDATA[Test is about to end]]>
            </line>
            <line>
              <![CDATA[Test is about to end]]>
            </line>
          </reporter-output>
        </test-method> <!-- closeDown -->
        <test-method status="PASS" signature="tearDown()[pri:0, instance:com.myguruproject.testCases.TC_LoginTest_001@192d3247]" name="tearDown" is-config="true" duration-ms="2057" started-at="2023-01-18T00:47:50 GMT" finished-at="2023-01-18T00:47:52 GMT">
          <reporter-output>
          </reporter-output>
        </test-method> <!-- tearDown -->
        <test-method status="PASS" signature="generateExtentReports()[pri:0, instance:com.myguruproject.testCases.TC_LoginTest_001@192d3247]" name="generateExtentReports" is-config="true" duration-ms="7227" started-at="2023-01-18T00:47:52 GMT" finished-at="2023-01-18T00:48:00 GMT">
          <reporter-output>
            <line>
              <![CDATA[Test Completed >>>> A report generated]]>
            </line>
          </reporter-output>
        </test-method> <!-- generateExtentReports -->
      </class> <!-- com.myguruproject.testCases.TC_LoginTest_001 -->
    </test> <!-- TestGuru -->
  </suite> <!-- GuruProject -->
</testng-results>
