<?xml version="1.0" encoding="UTF-8"?>
<testng-results ignored="0" total="1" passed="1" failed="0" skipped="0">
  <reporter-output>
    <line>
      <![CDATA[Setting up reports and Test Started]]>
    </line>
    <line>
      <![CDATA[Setting Done- Test can be Started]]>
    </line>
    <line>
      <![CDATA[Trying to start browser and getting application ready]]>
    </line>
    <line>
      <![CDATA[Browser and Application is up and running]]>
    </line>
    <line>
      <![CDATA[Test is about to end]]>
    </line>
    <line>
      <![CDATA[Test is about to end]]>
    </line>
    <line>
      <![CDATA[Test Completed >>>> A report generated]]>
    </line>
  </reporter-output>
  <suite started-at="2023-01-12T19:57:48 GMT" name="Default suite" finished-at="2023-01-12T19:58:04 GMT" duration-ms="16115">
    <groups>
    </groups>
    <test started-at="2023-01-12T19:57:48 GMT" name="Default test" finished-at="2023-01-12T19:58:04 GMT" duration-ms="16115">
      <class name="com.myguruproject.testCases.TC_LoginTest_001">
        <test-method is-config="true" signature="initialiseExtentReport()[pri:0, instance:com.myguruproject.testCases.TC_LoginTest_001@2f9f7dcf]" started-at="2023-01-12T19:57:47 GMT" name="initialiseExtentReport" finished-at="2023-01-12T19:57:48 GMT" duration-ms="603" status="PASS">
          <reporter-output>
            <line>
              <![CDATA[Setting up reports and Test Started]]>
            </line>
            <line>
              <![CDATA[Setting Done- Test can be Started]]>
            </line>
          </reporter-output>
        </test-method> <!-- initialiseExtentReport -->
        <test-method is-config="true" signature="setup()[pri:0, instance:com.myguruproject.testCases.TC_LoginTest_001@2f9f7dcf]" started-at="2023-01-12T19:57:48 GMT" name="setup" finished-at="2023-01-12T19:57:54 GMT" duration-ms="6155" status="PASS">
          <reporter-output>
            <line>
              <![CDATA[Trying to start browser and getting application ready]]>
            </line>
            <line>
              <![CDATA[Browser and Application is up and running]]>
            </line>
          </reporter-output>
        </test-method> <!-- setup -->
        <test-method signature="loginTest()[pri:0, instance:com.myguruproject.testCases.TC_LoginTest_001@2f9f7dcf]" started-at="2023-01-12T19:57:54 GMT" name="loginTest" finished-at="2023-01-12T19:58:04 GMT" duration-ms="9771" status="PASS">
          <reporter-output>
          </reporter-output>
        </test-method> <!-- loginTest -->
        <test-method is-config="true" signature="closeDown(org.testng.ITestResult)[pri:0, instance:com.myguruproject.testCases.TC_LoginTest_001@2f9f7dcf]" started-at="2023-01-12T19:58:04 GMT" name="closeDown" finished-at="2023-01-12T19:58:04 GMT" duration-ms="136" status="PASS">
          <params>
            <param index="0">
              <value>
                <![CDATA[[TestResult name=loginTest status=SUCCESS method=TC_LoginTest_001.loginTest()[pri:0, instance:com.myguruproject.testCases.TC_LoginTest_001@2f9f7dcf] output={null}]]]>
              </value>
            </param>
          </params>
          <reporter-output>
            <line>
              <![CDATA[Test is about to end]]>
            </line>
            <line>
              <![CDATA[Test is about to end]]>
            </line>
          </reporter-output>
        </test-method> <!-- closeDown -->
        <test-method is-config="true" signature="generateExtentReports()[pri:0, instance:com.myguruproject.testCases.TC_LoginTest_001@2f9f7dcf]" started-at="2023-01-12T19:58:04 GMT" name="generateExtentReports" finished-at="2023-01-12T19:58:05 GMT" duration-ms="1537" status="PASS">
          <reporter-output>
            <line>
              <![CDATA[Test Completed >>>> A report generated]]>
            </line>
          </reporter-output>
        </test-method> <!-- generateExtentReports -->
      </class> <!-- com.myguruproject.testCases.TC_LoginTest_001 -->
    </test> <!-- Default test -->
  </suite> <!-- Default suite -->
</testng-results>
